<?xml version="1.0" encoding="UTF-8"?>
<testsuite xmlns:xsi="http://www.w3.org/2001/XMLSchema-instance" xsi:noNamespaceSchemaLocation="https://maven.apache.org/surefire/maven-surefire-plugin/xsd/surefire-test-report-3.0.xsd" version="3.0" name="Comprehensive Validation of Widget Functionality" time="114.599" tests="4" errors="0" skipped="0" failures="0">
  <properties>
    <property name="gopherProxySet" value="false"/>
    <property name="awt.toolkit" value="sun.lwawt.macosx.LWCToolkit"/>
    <property name="java.specification.version" value="11"/>
    <property name="sun.cpu.isalist" value=""/>
    <property name="sun.jnu.encoding" value="UTF-8"/>
    <property name="java.class.path" value="/Users/surayebayram/Downloads/Protecht/target/test-classes:/Users/surayebayram/Downloads/Protecht/target/classes:/Users/surayebayram/.m2/repository/org/seleniumhq/selenium/selenium-java/4.16.1/selenium-java-4.16.1.jar:/Users/surayebayram/.m2/repository/org/seleniumhq/selenium/selenium-api/4.16.1/selenium-api-4.16.1.jar:/Users/surayebayram/.m2/repository/org/seleniumhq/selenium/selenium-chrome-driver/4.16.1/selenium-chrome-driver-4.16.1.jar:/Users/surayebayram/.m2/repository/com/google/auto/service/auto-service-annotations/1.1.1/auto-service-annotations-1.1.1.jar:/Users/surayebayram/.m2/repository/org/seleniumhq/selenium/selenium-chromium-driver/4.16.1/selenium-chromium-driver-4.16.1.jar:/Users/surayebayram/.m2/repository/org/seleniumhq/selenium/selenium-json/4.16.1/selenium-json-4.16.1.jar:/Users/surayebayram/.m2/repository/org/seleniumhq/selenium/selenium-manager/4.16.1/selenium-manager-4.16.1.jar:/Users/surayebayram/.m2/repository/org/seleniumhq/selenium/selenium-devtools-v118/4.16.1/selenium-devtools-v118-4.16.1.jar:/Users/surayebayram/.m2/repository/org/seleniumhq/selenium/selenium-devtools-v119/4.16.1/selenium-devtools-v119-4.16.1.jar:/Users/surayebayram/.m2/repository/org/seleniumhq/selenium/selenium-devtools-v120/4.16.1/selenium-devtools-v120-4.16.1.jar:/Users/surayebayram/.m2/repository/org/seleniumhq/selenium/selenium-devtools-v85/4.16.1/selenium-devtools-v85-4.16.1.jar:/Users/surayebayram/.m2/repository/org/seleniumhq/selenium/selenium-edge-driver/4.16.1/selenium-edge-driver-4.16.1.jar:/Users/surayebayram/.m2/repository/org/seleniumhq/selenium/selenium-firefox-driver/4.16.1/selenium-firefox-driver-4.16.1.jar:/Users/surayebayram/.m2/repository/org/seleniumhq/selenium/selenium-http/4.16.1/selenium-http-4.16.1.jar:/Users/surayebayram/.m2/repository/dev/failsafe/failsafe/3.3.2/failsafe-3.3.2.jar:/Users/surayebayram/.m2/repository/org/seleniumhq/selenium/selenium-ie-driver/4.16.1/selenium-ie-driver-4.16.1.jar:/Users/surayebayram/.m2/repository/org/seleniumhq/selenium/selenium-remote-driver/4.16.1/selenium-remote-driver-4.16.1.jar:/Users/surayebayram/.m2/repository/com/google/guava/guava/32.1.2-jre/guava-32.1.2-jre.jar:/Users/surayebayram/.m2/repository/com/google/guava/failureaccess/1.0.1/failureaccess-1.0.1.jar:/Users/surayebayram/.m2/repository/com/google/guava/listenablefuture/9999.0-empty-to-avoid-conflict-with-guava/listenablefuture-9999.0-empty-to-avoid-conflict-with-guava.jar:/Users/surayebayram/.m2/repository/com/google/code/findbugs/jsr305/3.0.2/jsr305-3.0.2.jar:/Users/surayebayram/.m2/repository/org/checkerframework/checker-qual/3.33.0/checker-qual-3.33.0.jar:/Users/surayebayram/.m2/repository/com/google/errorprone/error_prone_annotations/2.18.0/error_prone_annotations-2.18.0.jar:/Users/surayebayram/.m2/repository/com/google/j2objc/j2objc-annotations/2.8/j2objc-annotations-2.8.jar:/Users/surayebayram/.m2/repository/io/opentelemetry/opentelemetry-api/1.28.0/opentelemetry-api-1.28.0.jar:/Users/surayebayram/.m2/repository/io/opentelemetry/opentelemetry-context/1.28.0/opentelemetry-context-1.28.0.jar:/Users/surayebayram/.m2/repository/io/opentelemetry/opentelemetry-exporter-logging/1.28.0/opentelemetry-exporter-logging-1.28.0.jar:/Users/surayebayram/.m2/repository/io/opentelemetry/opentelemetry-sdk-metrics/1.28.0/opentelemetry-sdk-metrics-1.28.0.jar:/Users/surayebayram/.m2/repository/io/opentelemetry/opentelemetry-extension-incubator/1.28.0-alpha/opentelemetry-extension-incubator-1.28.0-alpha.jar:/Users/surayebayram/.m2/repository/io/opentelemetry/opentelemetry-sdk-logs/1.28.0/opentelemetry-sdk-logs-1.28.0.jar:/Users/surayebayram/.m2/repository/io/opentelemetry/opentelemetry-sdk-common/1.28.0/opentelemetry-sdk-common-1.28.0.jar:/Users/surayebayram/.m2/repository/io/opentelemetry/opentelemetry-sdk-extension-autoconfigure-spi/1.28.0/opentelemetry-sdk-extension-autoconfigure-spi-1.28.0.jar:/Users/surayebayram/.m2/repository/io/opentelemetry/opentelemetry-sdk-extension-autoconfigure/1.28.0/opentelemetry-sdk-extension-autoconfigure-1.28.0.jar:/Users/surayebayram/.m2/repository/io/opentelemetry/opentelemetry-api-events/1.28.0-alpha/opentelemetry-api-events-1.28.0-alpha.jar:/Users/surayebayram/.m2/repository/io/opentelemetry/opentelemetry-sdk-trace/1.28.0/opentelemetry-sdk-trace-1.28.0.jar:/Users/surayebayram/.m2/repository/io/opentelemetry/opentelemetry-sdk/1.28.0/opentelemetry-sdk-1.28.0.jar:/Users/surayebayram/.m2/repository/io/opentelemetry/opentelemetry-semconv/1.28.0-alpha/opentelemetry-semconv-1.28.0-alpha.jar:/Users/surayebayram/.m2/repository/net/bytebuddy/byte-buddy/1.14.5/byte-buddy-1.14.5.jar:/Users/surayebayram/.m2/repository/org/seleniumhq/selenium/selenium-os/4.16.1/selenium-os-4.16.1.jar:/Users/surayebayram/.m2/repository/org/apache/commons/commons-exec/1.3/commons-exec-1.3.jar:/Users/surayebayram/.m2/repository/org/seleniumhq/selenium/selenium-safari-driver/4.16.1/selenium-safari-driver-4.16.1.jar:/Users/surayebayram/.m2/repository/org/seleniumhq/selenium/selenium-support/4.16.1/selenium-support-4.16.1.jar:/Users/surayebayram/.m2/repository/io/cucumber/cucumber-junit/7.3.0/cucumber-junit-7.3.0.jar:/Users/surayebayram/.m2/repository/org/apiguardian/apiguardian-api/1.1.2/apiguardian-api-1.1.2.jar:/Users/surayebayram/.m2/repository/io/cucumber/cucumber-core/7.3.0/cucumber-core-7.3.0.jar:/Users/surayebayram/.m2/repository/io/cucumber/cucumber-gherkin/7.3.0/cucumber-gherkin-7.3.0.jar:/Users/surayebayram/.m2/repository/io/cucumber/cucumber-gherkin-messages/7.3.0/cucumber-gherkin-messages-7.3.0.jar:/Users/surayebayram/.m2/repository/io/cucumber/messages/18.0.0/messages-18.0.0.jar:/Users/surayebayram/.m2/repository/io/cucumber/tag-expressions/4.1.0/tag-expressions-4.1.0.jar:/Users/surayebayram/.m2/repository/io/cucumber/cucumber-expressions/15.0.2/cucumber-expressions-15.0.2.jar:/Users/surayebayram/.m2/repository/io/cucumber/datatable/7.3.0/datatable-7.3.0.jar:/Users/surayebayram/.m2/repository/io/cucumber/cucumber-plugin/7.3.0/cucumber-plugin-7.3.0.jar:/Users/surayebayram/.m2/repository/io/cucumber/docstring/7.3.0/docstring-7.3.0.jar:/Users/surayebayram/.m2/repository/io/cucumber/html-formatter/19.1.0/html-formatter-19.1.0.jar:/Users/surayebayram/.m2/repository/io/cucumber/ci-environment/9.0.4/ci-environment-9.0.4.jar:/Users/surayebayram/.m2/repository/junit/junit/4.13.2/junit-4.13.2.jar:/Users/surayebayram/.m2/repository/org/hamcrest/hamcrest-core/1.3/hamcrest-core-1.3.jar:/Users/surayebayram/.m2/repository/io/cucumber/cucumber-java/7.3.0/cucumber-java-7.3.0.jar:/Users/surayebayram/.m2/repository/me/jvt/cucumber/reporting-plugin/7.3.0/reporting-plugin-7.3.0.jar:/Users/surayebayram/.m2/repository/io/cucumber/gherkin/23.0.1/gherkin-23.0.1.jar:/Users/surayebayram/.m2/repository/net/masterthought/cucumber-reporting/5.7.0/cucumber-reporting-5.7.0.jar:/Users/surayebayram/.m2/repository/com/fasterxml/jackson/core/jackson-databind/2.13.0/jackson-databind-2.13.0.jar:/Users/surayebayram/.m2/repository/com/fasterxml/jackson/core/jackson-annotations/2.13.0/jackson-annotations-2.13.0.jar:/Users/surayebayram/.m2/repository/com/fasterxml/jackson/core/jackson-core/2.13.0/jackson-core-2.13.0.jar:/Users/surayebayram/.m2/repository/com/fasterxml/jackson/datatype/jackson-datatype-jsr310/2.13.0/jackson-datatype-jsr310-2.13.0.jar:/Users/surayebayram/.m2/repository/org/apache/velocity/velocity-engine-core/2.3/velocity-engine-core-2.3.jar:/Users/surayebayram/.m2/repository/org/slf4j/slf4j-api/1.7.30/slf4j-api-1.7.30.jar:/Users/surayebayram/.m2/repository/commons-collections/commons-collections/3.2.2/commons-collections-3.2.2.jar:/Users/surayebayram/.m2/repository/joda-time/joda-time/2.10.10/joda-time-2.10.10.jar:/Users/surayebayram/.m2/repository/org/apache/commons/commons-lang3/3.12.0/commons-lang3-3.12.0.jar:/Users/surayebayram/.m2/repository/org/codehaus/plexus/plexus-utils/3.3.0/plexus-utils-3.3.0.jar:/Users/surayebayram/.m2/repository/org/jsoup/jsoup/1.14.2/jsoup-1.14.2.jar:/Users/surayebayram/.m2/repository/com/googlecode/owasp-java-html-sanitizer/owasp-java-html-sanitizer/20211018.2/owasp-java-html-sanitizer-20211018.2.jar:/Users/surayebayram/.m2/repository/commons-configuration/commons-configuration/1.10/commons-configuration-1.10.jar:/Users/surayebayram/.m2/repository/commons-lang/commons-lang/2.6/commons-lang-2.6.jar:/Users/surayebayram/.m2/repository/org/apache/poi/poi/5.2.0/poi-5.2.0.jar:/Users/surayebayram/.m2/repository/commons-codec/commons-codec/1.15/commons-codec-1.15.jar:/Users/surayebayram/.m2/repository/org/apache/commons/commons-collections4/4.4/commons-collections4-4.4.jar:/Users/surayebayram/.m2/repository/org/apache/commons/commons-math3/3.6.1/commons-math3-3.6.1.jar:/Users/surayebayram/.m2/repository/commons-io/commons-io/2.11.0/commons-io-2.11.0.jar:/Users/surayebayram/.m2/repository/com/zaxxer/SparseBitSet/1.2/SparseBitSet-1.2.jar:/Users/surayebayram/.m2/repository/org/apache/logging/log4j/log4j-api/2.17.1/log4j-api-2.17.1.jar:/Users/surayebayram/.m2/repository/io/rest-assured/rest-assured/5.4.0/rest-assured-5.4.0.jar:/Users/surayebayram/.m2/repository/org/apache/groovy/groovy/4.0.16/groovy-4.0.16.jar:/Users/surayebayram/.m2/repository/org/apache/groovy/groovy-xml/4.0.16/groovy-xml-4.0.16.jar:/Users/surayebayram/.m2/repository/org/apache/httpcomponents/httpclient/4.5.13/httpclient-4.5.13.jar:/Users/surayebayram/.m2/repository/org/apache/httpcomponents/httpcore/4.4.13/httpcore-4.4.13.jar:/Users/surayebayram/.m2/repository/commons-logging/commons-logging/1.2/commons-logging-1.2.jar:/Users/surayebayram/.m2/repository/org/apache/httpcomponents/httpmime/4.5.13/httpmime-4.5.13.jar:/Users/surayebayram/.m2/repository/org/hamcrest/hamcrest/2.2/hamcrest-2.2.jar:/Users/surayebayram/.m2/repository/org/ccil/cowan/tagsoup/tagsoup/1.2.1/tagsoup-1.2.1.jar:/Users/surayebayram/.m2/repository/io/rest-assured/json-path/5.4.0/json-path-5.4.0.jar:/Users/surayebayram/.m2/repository/org/apache/groovy/groovy-json/4.0.16/groovy-json-4.0.16.jar:/Users/surayebayram/.m2/repository/io/rest-assured/rest-assured-common/5.4.0/rest-assured-common-5.4.0.jar:/Users/surayebayram/.m2/repository/io/rest-assured/xml-path/5.4.0/xml-path-5.4.0.jar:"/>
    <property name="java.vm.vendor" value="Oracle Corporation"/>
    <property name="sun.arch.data.model" value="64"/>
    <property name="java.vendor.url" value="https://openjdk.java.net/"/>
    <property name="user.timezone" value="America/New_York"/>
    <property name="java.vm.specification.version" value="11"/>
    <property name="os.name" value="Mac OS X"/>
    <property name="sun.java.launcher" value="SUN_STANDARD"/>
    <property name="user.country" value="US"/>
    <property name="sun.boot.library.path" value="/Library/Java/JavaVirtualMachines/jdk-11.0.12.jdk/Contents/Home/lib"/>
    <property name="sun.java.command" value="/Users/surayebayram/Downloads/Protecht/target/surefire/surefirebooter5043518096467388313.jar /Users/surayebayram/Downloads/Protecht/target/surefire 2024-02-11T20-32-13_234-jvmRun1 surefire13880935477522105325tmp surefire_013138066463569308867tmp"/>
    <property name="http.nonProxyHosts" value="local|*.local|169.254/16|*.169.254/16"/>
    <property name="jdk.debug" value="release"/>
    <property name="surefire.test.class.path" value="/Users/surayebayram/Downloads/Protecht/target/test-classes:/Users/surayebayram/Downloads/Protecht/target/classes:/Users/surayebayram/.m2/repository/org/seleniumhq/selenium/selenium-java/4.16.1/selenium-java-4.16.1.jar:/Users/surayebayram/.m2/repository/org/seleniumhq/selenium/selenium-api/4.16.1/selenium-api-4.16.1.jar:/Users/surayebayram/.m2/repository/org/seleniumhq/selenium/selenium-chrome-driver/4.16.1/selenium-chrome-driver-4.16.1.jar:/Users/surayebayram/.m2/repository/com/google/auto/service/auto-service-annotations/1.1.1/auto-service-annotations-1.1.1.jar:/Users/surayebayram/.m2/repository/org/seleniumhq/selenium/selenium-chromium-driver/4.16.1/selenium-chromium-driver-4.16.1.jar:/Users/surayebayram/.m2/repository/org/seleniumhq/selenium/selenium-json/4.16.1/selenium-json-4.16.1.jar:/Users/surayebayram/.m2/repository/org/seleniumhq/selenium/selenium-manager/4.16.1/selenium-manager-4.16.1.jar:/Users/surayebayram/.m2/repository/org/seleniumhq/selenium/selenium-devtools-v118/4.16.1/selenium-devtools-v118-4.16.1.jar:/Users/surayebayram/.m2/repository/org/seleniumhq/selenium/selenium-devtools-v119/4.16.1/selenium-devtools-v119-4.16.1.jar:/Users/surayebayram/.m2/repository/org/seleniumhq/selenium/selenium-devtools-v120/4.16.1/selenium-devtools-v120-4.16.1.jar:/Users/surayebayram/.m2/repository/org/seleniumhq/selenium/selenium-devtools-v85/4.16.1/selenium-devtools-v85-4.16.1.jar:/Users/surayebayram/.m2/repository/org/seleniumhq/selenium/selenium-edge-driver/4.16.1/selenium-edge-driver-4.16.1.jar:/Users/surayebayram/.m2/repository/org/seleniumhq/selenium/selenium-firefox-driver/4.16.1/selenium-firefox-driver-4.16.1.jar:/Users/surayebayram/.m2/repository/org/seleniumhq/selenium/selenium-http/4.16.1/selenium-http-4.16.1.jar:/Users/surayebayram/.m2/repository/dev/failsafe/failsafe/3.3.2/failsafe-3.3.2.jar:/Users/surayebayram/.m2/repository/org/seleniumhq/selenium/selenium-ie-driver/4.16.1/selenium-ie-driver-4.16.1.jar:/Users/surayebayram/.m2/repository/org/seleniumhq/selenium/selenium-remote-driver/4.16.1/selenium-remote-driver-4.16.1.jar:/Users/surayebayram/.m2/repository/com/google/guava/guava/32.1.2-jre/guava-32.1.2-jre.jar:/Users/surayebayram/.m2/repository/com/google/guava/failureaccess/1.0.1/failureaccess-1.0.1.jar:/Users/surayebayram/.m2/repository/com/google/guava/listenablefuture/9999.0-empty-to-avoid-conflict-with-guava/listenablefuture-9999.0-empty-to-avoid-conflict-with-guava.jar:/Users/surayebayram/.m2/repository/com/google/code/findbugs/jsr305/3.0.2/jsr305-3.0.2.jar:/Users/surayebayram/.m2/repository/org/checkerframework/checker-qual/3.33.0/checker-qual-3.33.0.jar:/Users/surayebayram/.m2/repository/com/google/errorprone/error_prone_annotations/2.18.0/error_prone_annotations-2.18.0.jar:/Users/surayebayram/.m2/repository/com/google/j2objc/j2objc-annotations/2.8/j2objc-annotations-2.8.jar:/Users/surayebayram/.m2/repository/io/opentelemetry/opentelemetry-api/1.28.0/opentelemetry-api-1.28.0.jar:/Users/surayebayram/.m2/repository/io/opentelemetry/opentelemetry-context/1.28.0/opentelemetry-context-1.28.0.jar:/Users/surayebayram/.m2/repository/io/opentelemetry/opentelemetry-exporter-logging/1.28.0/opentelemetry-exporter-logging-1.28.0.jar:/Users/surayebayram/.m2/repository/io/opentelemetry/opentelemetry-sdk-metrics/1.28.0/opentelemetry-sdk-metrics-1.28.0.jar:/Users/surayebayram/.m2/repository/io/opentelemetry/opentelemetry-extension-incubator/1.28.0-alpha/opentelemetry-extension-incubator-1.28.0-alpha.jar:/Users/surayebayram/.m2/repository/io/opentelemetry/opentelemetry-sdk-logs/1.28.0/opentelemetry-sdk-logs-1.28.0.jar:/Users/surayebayram/.m2/repository/io/opentelemetry/opentelemetry-sdk-common/1.28.0/opentelemetry-sdk-common-1.28.0.jar:/Users/surayebayram/.m2/repository/io/opentelemetry/opentelemetry-sdk-extension-autoconfigure-spi/1.28.0/opentelemetry-sdk-extension-autoconfigure-spi-1.28.0.jar:/Users/surayebayram/.m2/repository/io/opentelemetry/opentelemetry-sdk-extension-autoconfigure/1.28.0/opentelemetry-sdk-extension-autoconfigure-1.28.0.jar:/Users/surayebayram/.m2/repository/io/opentelemetry/opentelemetry-api-events/1.28.0-alpha/opentelemetry-api-events-1.28.0-alpha.jar:/Users/surayebayram/.m2/repository/io/opentelemetry/opentelemetry-sdk-trace/1.28.0/opentelemetry-sdk-trace-1.28.0.jar:/Users/surayebayram/.m2/repository/io/opentelemetry/opentelemetry-sdk/1.28.0/opentelemetry-sdk-1.28.0.jar:/Users/surayebayram/.m2/repository/io/opentelemetry/opentelemetry-semconv/1.28.0-alpha/opentelemetry-semconv-1.28.0-alpha.jar:/Users/surayebayram/.m2/repository/net/bytebuddy/byte-buddy/1.14.5/byte-buddy-1.14.5.jar:/Users/surayebayram/.m2/repository/org/seleniumhq/selenium/selenium-os/4.16.1/selenium-os-4.16.1.jar:/Users/surayebayram/.m2/repository/org/apache/commons/commons-exec/1.3/commons-exec-1.3.jar:/Users/surayebayram/.m2/repository/org/seleniumhq/selenium/selenium-safari-driver/4.16.1/selenium-safari-driver-4.16.1.jar:/Users/surayebayram/.m2/repository/org/seleniumhq/selenium/selenium-support/4.16.1/selenium-support-4.16.1.jar:/Users/surayebayram/.m2/repository/io/cucumber/cucumber-junit/7.3.0/cucumber-junit-7.3.0.jar:/Users/surayebayram/.m2/repository/org/apiguardian/apiguardian-api/1.1.2/apiguardian-api-1.1.2.jar:/Users/surayebayram/.m2/repository/io/cucumber/cucumber-core/7.3.0/cucumber-core-7.3.0.jar:/Users/surayebayram/.m2/repository/io/cucumber/cucumber-gherkin/7.3.0/cucumber-gherkin-7.3.0.jar:/Users/surayebayram/.m2/repository/io/cucumber/cucumber-gherkin-messages/7.3.0/cucumber-gherkin-messages-7.3.0.jar:/Users/surayebayram/.m2/repository/io/cucumber/messages/18.0.0/messages-18.0.0.jar:/Users/surayebayram/.m2/repository/io/cucumber/tag-expressions/4.1.0/tag-expressions-4.1.0.jar:/Users/surayebayram/.m2/repository/io/cucumber/cucumber-expressions/15.0.2/cucumber-expressions-15.0.2.jar:/Users/surayebayram/.m2/repository/io/cucumber/datatable/7.3.0/datatable-7.3.0.jar:/Users/surayebayram/.m2/repository/io/cucumber/cucumber-plugin/7.3.0/cucumber-plugin-7.3.0.jar:/Users/surayebayram/.m2/repository/io/cucumber/docstring/7.3.0/docstring-7.3.0.jar:/Users/surayebayram/.m2/repository/io/cucumber/html-formatter/19.1.0/html-formatter-19.1.0.jar:/Users/surayebayram/.m2/repository/io/cucumber/ci-environment/9.0.4/ci-environment-9.0.4.jar:/Users/surayebayram/.m2/repository/junit/junit/4.13.2/junit-4.13.2.jar:/Users/surayebayram/.m2/repository/org/hamcrest/hamcrest-core/1.3/hamcrest-core-1.3.jar:/Users/surayebayram/.m2/repository/io/cucumber/cucumber-java/7.3.0/cucumber-java-7.3.0.jar:/Users/surayebayram/.m2/repository/me/jvt/cucumber/reporting-plugin/7.3.0/reporting-plugin-7.3.0.jar:/Users/surayebayram/.m2/repository/io/cucumber/gherkin/23.0.1/gherkin-23.0.1.jar:/Users/surayebayram/.m2/repository/net/masterthought/cucumber-reporting/5.7.0/cucumber-reporting-5.7.0.jar:/Users/surayebayram/.m2/repository/com/fasterxml/jackson/core/jackson-databind/2.13.0/jackson-databind-2.13.0.jar:/Users/surayebayram/.m2/repository/com/fasterxml/jackson/core/jackson-annotations/2.13.0/jackson-annotations-2.13.0.jar:/Users/surayebayram/.m2/repository/com/fasterxml/jackson/core/jackson-core/2.13.0/jackson-core-2.13.0.jar:/Users/surayebayram/.m2/repository/com/fasterxml/jackson/datatype/jackson-datatype-jsr310/2.13.0/jackson-datatype-jsr310-2.13.0.jar:/Users/surayebayram/.m2/repository/org/apache/velocity/velocity-engine-core/2.3/velocity-engine-core-2.3.jar:/Users/surayebayram/.m2/repository/org/slf4j/slf4j-api/1.7.30/slf4j-api-1.7.30.jar:/Users/surayebayram/.m2/repository/commons-collections/commons-collections/3.2.2/commons-collections-3.2.2.jar:/Users/surayebayram/.m2/repository/joda-time/joda-time/2.10.10/joda-time-2.10.10.jar:/Users/surayebayram/.m2/repository/org/apache/commons/commons-lang3/3.12.0/commons-lang3-3.12.0.jar:/Users/surayebayram/.m2/repository/org/codehaus/plexus/plexus-utils/3.3.0/plexus-utils-3.3.0.jar:/Users/surayebayram/.m2/repository/org/jsoup/jsoup/1.14.2/jsoup-1.14.2.jar:/Users/surayebayram/.m2/repository/com/googlecode/owasp-java-html-sanitizer/owasp-java-html-sanitizer/20211018.2/owasp-java-html-sanitizer-20211018.2.jar:/Users/surayebayram/.m2/repository/commons-configuration/commons-configuration/1.10/commons-configuration-1.10.jar:/Users/surayebayram/.m2/repository/commons-lang/commons-lang/2.6/commons-lang-2.6.jar:/Users/surayebayram/.m2/repository/org/apache/poi/poi/5.2.0/poi-5.2.0.jar:/Users/surayebayram/.m2/repository/commons-codec/commons-codec/1.15/commons-codec-1.15.jar:/Users/surayebayram/.m2/repository/org/apache/commons/commons-collections4/4.4/commons-collections4-4.4.jar:/Users/surayebayram/.m2/repository/org/apache/commons/commons-math3/3.6.1/commons-math3-3.6.1.jar:/Users/surayebayram/.m2/repository/commons-io/commons-io/2.11.0/commons-io-2.11.0.jar:/Users/surayebayram/.m2/repository/com/zaxxer/SparseBitSet/1.2/SparseBitSet-1.2.jar:/Users/surayebayram/.m2/repository/org/apache/logging/log4j/log4j-api/2.17.1/log4j-api-2.17.1.jar:/Users/surayebayram/.m2/repository/io/rest-assured/rest-assured/5.4.0/rest-assured-5.4.0.jar:/Users/surayebayram/.m2/repository/org/apache/groovy/groovy/4.0.16/groovy-4.0.16.jar:/Users/surayebayram/.m2/repository/org/apache/groovy/groovy-xml/4.0.16/groovy-xml-4.0.16.jar:/Users/surayebayram/.m2/repository/org/apache/httpcomponents/httpclient/4.5.13/httpclient-4.5.13.jar:/Users/surayebayram/.m2/repository/org/apache/httpcomponents/httpcore/4.4.13/httpcore-4.4.13.jar:/Users/surayebayram/.m2/repository/commons-logging/commons-logging/1.2/commons-logging-1.2.jar:/Users/surayebayram/.m2/repository/org/apache/httpcomponents/httpmime/4.5.13/httpmime-4.5.13.jar:/Users/surayebayram/.m2/repository/org/hamcrest/hamcrest/2.2/hamcrest-2.2.jar:/Users/surayebayram/.m2/repository/org/ccil/cowan/tagsoup/tagsoup/1.2.1/tagsoup-1.2.1.jar:/Users/surayebayram/.m2/repository/io/rest-assured/json-path/5.4.0/json-path-5.4.0.jar:/Users/surayebayram/.m2/repository/org/apache/groovy/groovy-json/4.0.16/groovy-json-4.0.16.jar:/Users/surayebayram/.m2/repository/io/rest-assured/rest-assured-common/5.4.0/rest-assured-common-5.4.0.jar:/Users/surayebayram/.m2/repository/io/rest-assured/xml-path/5.4.0/xml-path-5.4.0.jar:"/>
    <property name="sun.cpu.endian" value="little"/>
    <property name="user.home" value="/Users/surayebayram"/>
    <property name="user.language" value="en"/>
    <property name="java.specification.vendor" value="Oracle Corporation"/>
    <property name="java.version.date" value="2021-07-20"/>
    <property name="java.home" value="/Library/Java/JavaVirtualMachines/jdk-11.0.12.jdk/Contents/Home"/>
    <property name="file.separator" value="/"/>
    <property name="basedir" value="/Users/surayebayram/Downloads/Protecht"/>
    <property name="java.vm.compressedOopsMode" value="Zero based"/>
    <property name="line.separator" value="&#10;"/>
    <property name="java.specification.name" value="Java Platform API Specification"/>
    <property name="java.vm.specification.vendor" value="Oracle Corporation"/>
    <property name="java.awt.graphicsenv" value="sun.awt.CGraphicsEnvironment"/>
    <property name="surefire.real.class.path" value="/Users/surayebayram/Downloads/Protecht/target/surefire/surefirebooter5043518096467388313.jar"/>
    <property name="sun.management.compiler" value="HotSpot 64-Bit Tiered Compilers"/>
    <property name="ftp.nonProxyHosts" value="local|*.local|169.254/16|*.169.254/16"/>
    <property name="java.runtime.version" value="11.0.12+8-LTS-237"/>
    <property name="user.name" value="surayebayram"/>
    <property name="path.separator" value=":"/>
    <property name="os.version" value="10.16"/>
    <property name="java.runtime.name" value="Java(TM) SE Runtime Environment"/>
    <property name="file.encoding" value="UTF-8"/>
    <property name="java.vm.name" value="Java HotSpot(TM) 64-Bit Server VM"/>
    <property name="java.vendor.version" value="18.9"/>
    <property name="localRepository" value="/Users/surayebayram/.m2/repository"/>
    <property name="java.vendor.url.bug" value="https://bugreport.java.com/bugreport/"/>
    <property name="java.io.tmpdir" value="/var/folders/4c/6zvs7_d52jz_l018c26gxw5m0000gn/T/"/>
    <property name="idea.version" value="2023.2.5"/>
    <property name="java.version" value="11.0.12"/>
    <property name="user.dir" value="/Users/surayebayram/Downloads/Protecht"/>
    <property name="os.arch" value="x86_64"/>
    <property name="java.vm.specification.name" value="Java Virtual Machine Specification"/>
    <property name="java.awt.printerjob" value="sun.lwawt.macosx.CPrinterJob"/>
    <property name="sun.os.patch.level" value="unknown"/>
    <property name="java.library.path" value="/Users/surayebayram/Library/Java/Extensions:/Library/Java/Extensions:/Network/Library/Java/Extensions:/System/Library/Java/Extensions:/usr/lib/java:."/>
    <property name="java.vendor" value="Oracle Corporation"/>
    <property name="java.vm.info" value="mixed mode"/>
    <property name="java.vm.version" value="11.0.12+8-LTS-237"/>
    <property name="sun.io.unicode.encoding" value="UnicodeBig"/>
    <property name="java.class.version" value="55.0"/>
    <property name="socksNonProxyHosts" value="local|*.local|169.254/16|*.169.254/16"/>
  </properties>
  <testcase name="Validate Click-ability of Widget Footer Links #1" classname="Comprehensive Validation of Widget Functionality" time="28.953">
    <system-out><![CDATA[
@ui
Scenario Outline: Validate Click-ability of Widget Footer Links &amp#27;[90m# src/test/resources/features/ui.feature:11&amp#27;[0m
  &amp#27;[32mGiven &amp#27;[0m&amp#27;[32muser is on the widget page&amp#27;[0m                              &amp#27;[90m# com.Protecht.step_definition.WidgetFunctSteps.userIsOnTheWidgetPage()&amp#27;[0m
  &amp#27;[32mWhen &amp#27;[0m&amp#27;[32muser clicks on &amp#27;[0m&amp#27;[32m&amp#27;[1m"Terms & Conditions"&amp#27;[0m&amp#27;[32m link&amp#27;[0m                 &amp#27;[90m# com.Protecht.step_definition.WidgetFunctSteps.userClicksOnLink(java.lang.String)&amp#27;[0m
  &amp#27;[32mThen &amp#27;[0m&amp#27;[32murl should be &amp#27;[0m&amp#27;[32m&amp#27;[1m"https://protecht.com/consumer-terms/"&amp#27;[0m     &amp#27;[90m# com.Protecht.step_definition.WidgetFunctSteps.titleShouldBeAndUrlShouldBe(java.lang.String)&amp#27;[0m
]]></system-out>
    <system-err><![CDATA[Feb 11, 2024 8:32:24 PM org.openqa.selenium.devtools.CdpVersionFinder findNearestMatch
WARNING: Unable to find an exact match for CDP version 121, returning the closest version; found: 120; Please update to a Selenium version that supports CDP version 121
]]></system-err>
  </testcase>
  <testcase name="Validate Click-ability of Widget Footer Links #2" classname="Comprehensive Validation of Widget Functionality" time="24.375">
    <system-out><![CDATA[
@ui
Scenario Outline: Validate Click-ability of Widget Footer Links &amp#27;[90m# src/test/resources/features/ui.feature:12&amp#27;[0m
  &amp#27;[32mGiven &amp#27;[0m&amp#27;[32muser is on the widget page&amp#27;[0m                              &amp#27;[90m# com.Protecht.step_definition.WidgetFunctSteps.userIsOnTheWidgetPage()&amp#27;[0m
  &amp#27;[32mWhen &amp#27;[0m&amp#27;[32muser clicks on &amp#27;[0m&amp#27;[32m&amp#27;[1m"Privacy Policy"&amp#27;[0m&amp#27;[32m link&amp#27;[0m                     &amp#27;[90m# com.Protecht.step_definition.WidgetFunctSteps.userClicksOnLink(java.lang.String)&amp#27;[0m
  &amp#27;[32mThen &amp#27;[0m&amp#27;[32murl should be &amp#27;[0m&amp#27;[32m&amp#27;[1m"https://protecht.com/privacy-policy/"&amp#27;[0m     &amp#27;[90m# com.Protecht.step_definition.WidgetFunctSteps.titleShouldBeAndUrlShouldBe(java.lang.String)&amp#27;[0m
]]></system-out>
    <system-err><![CDATA[Feb 11, 2024 8:32:49 PM org.openqa.selenium.devtools.CdpVersionFinder findNearestMatch
WARNING: Unable to find an exact match for CDP version 121, returning the closest version; found: 120; Please update to a Selenium version that supports CDP version 121
]]></system-err>
  </testcase>
  <testcase name="Validate Click-ability of Widget Footer Links #3" classname="Comprehensive Validation of Widget Functionality" time="23.862">
    <system-out><![CDATA[
@ui
Scenario Outline: Validate Click-ability of Widget Footer Links                                                                                      &amp#27;[90m# src/test/resources/features/ui.feature:13&amp#27;[0m
  &amp#27;[32mGiven &amp#27;[0m&amp#27;[32muser is on the widget page&amp#27;[0m                                                                                                                   &amp#27;[90m# com.Protecht.step_definition.WidgetFunctSteps.userIsOnTheWidgetPage()&amp#27;[0m
  &amp#27;[32mWhen &amp#27;[0m&amp#27;[32muser clicks on &amp#27;[0m&amp#27;[32m&amp#27;[1m"Insurance Terms"&amp#27;[0m&amp#27;[32m link&amp#27;[0m                                                                                                         &amp#27;[90m# com.Protecht.step_definition.WidgetFunctSteps.userClicksOnLink(java.lang.String)&amp#27;[0m
  &amp#27;[32mThen &amp#27;[0m&amp#27;[32murl should be &amp#27;[0m&amp#27;[32m&amp#27;[1m"https://static.sandbox.protecht.com/policy/cc6b3cd9-a52f-475b-869e-e01e546f3000/coverage/0bff8dddad734837957499eb0f1a5c34.pdf"&amp#27;[0m &amp#27;[90m# com.Protecht.step_definition.WidgetFunctSteps.titleShouldBeAndUrlShouldBe(java.lang.String)&amp#27;[0m
]]></system-out>
    <system-err><![CDATA[Feb 11, 2024 8:33:13 PM org.openqa.selenium.devtools.CdpVersionFinder findNearestMatch
WARNING: Unable to find an exact match for CDP version 121, returning the closest version; found: 120; Please update to a Selenium version that supports CDP version 121
]]></system-err>
  </testcase>
  <testcase name="Currency Format Update in Widget" classname="Comprehensive Validation of Widget Functionality" time="37.409">
    <system-out><![CDATA[
@ui
Scenario: Currency Format Update in Widget                                                                                   &amp#27;[90m# src/test/resources/features/ui.feature:16&amp#27;[0m
  &amp#27;[32mGiven &amp#27;[0m&amp#27;[32muser is on the widget page&amp#27;[0m                                                                                           &amp#27;[90m# com.Protecht.step_definition.WidgetFunctSteps.userIsOnTheWidgetPage()&amp#27;[0m
  &amp#27;[32mWhen &amp#27;[0m&amp#27;[32muser changes the currency to GBP&amp#27;[0m                                                                                      &amp#27;[90m# com.Protecht.step_definition.WidgetFunctSteps.user_changes_the_currency_to_gbp()&amp#27;[0m
  &amp#27;[32mAnd &amp#27;[0m&amp#27;[32mclicks the configure button&amp#27;[0m                                                                                            &amp#27;[90m# com.Protecht.step_definition.WidgetFunctSteps.clicks_the_configure_button()&amp#27;[0m
  &amp#27;[32mAnd &amp#27;[0m&amp#27;[32muser should verify that the currency formats in the widget are updated to match the GBP &amp#27;[0m&amp#27;[32m&amp#27;[1m"£100.00"&amp#27;[0m&amp#27;[32m format&amp#27;[0m               &amp#27;[90m# com.Protecht.step_definition.WidgetFunctSteps.user_should_verify_that_the_currency_formats_in_the_widget_are_updated_to_match_the_gbp_format(java.lang.String)&amp#27;[0m
  &amp#27;[32mAnd &amp#27;[0m&amp#27;[32muser adds additional items with costs &amp#27;[0m&amp#27;[32m&amp#27;[1m"45"&amp#27;[0m&amp#27;[32m to the widget&amp#27;[0m                                                               &amp#27;[90m# com.Protecht.step_definition.WidgetFunctSteps.user_adds_additional_items_with_costs_to_the_widget(java.lang.String)&amp#27;[0m
  &amp#27;[32mAnd &amp#27;[0m&amp#27;[32muser clicks the configure button&amp#27;[0m                                                                                       &amp#27;[90m# com.Protecht.step_definition.WidgetFunctSteps.user_clicks_the_configure_button()&amp#27;[0m
  &amp#27;[32mThen &amp#27;[0m&amp#27;[32muser should validate that the price &amp#27;[0m&amp#27;[32m&amp#27;[1m"£45.00"&amp#27;[0m&amp#27;[32m and cost &amp#27;[0m&amp#27;[32m&amp#27;[1m"£3.16"&amp#27;[0m&amp#27;[32m of coverage in the widget have been updated accordingly&amp#27;[0m &amp#27;[90m# com.Protecht.step_definition.WidgetFunctSteps.user_should_validate_that_the_price_and_cost_of_coverage_in_the_widget_have_been_updated_accordingly(java.lang.String,java.lang.String)&amp#27;[0m
]]></system-out>
    <system-err><![CDATA[Feb 11, 2024 8:33:37 PM org.openqa.selenium.devtools.CdpVersionFinder findNearestMatch
WARNING: Unable to find an exact match for CDP version 121, returning the closest version; found: 120; Please update to a Selenium version that supports CDP version 121
]]></system-err>
  </testcase>
</testsuite>